Logfile initialized
[INFO] logfile = /Users/tshedor/Documents/App Development/UDK App/build.log
[DEBUG] /Users/tshedor/Library/Application Support/Titanium/mobilesdk/osx/2.1.2.GA/android/builder.py simulator University Daily Kansan /Users/tshedor/Documents/App Development/Android SDK/android-sdk-macosx /Users/tshedor/Documents/App Development/UDK App com.udk.mobile 1 HVGA 
[INFO] Building University Daily Kansan for Android ... one moment
[INFO] Titanium SDK version: 2.1.2 (08/24/12 14:46 ed7f777)
[DEBUG] Waiting for device to be ready ...
[TRACE] adb devices returned 1 devices/emulators
[TRACE] adb devices returned 1 devices/emulators
[TRACE] adb devices returned 1 devices/emulators
[TRACE] adb devices returned 1 devices/emulators
[TRACE] adb devices returned 1 devices/emulators
[DEBUG] Device connected... (waited 20 seconds)
[DEBUG] waited 20.504727 seconds on emulator to get ready
[INFO] Waiting for the Android Emulator to become available
[DEBUG] com.udk.mobile installed? True
[INFO] Fastdev server running, deploying in Fastdev mode
[INFO] Copying CommonJS modules...
[INFO] Copying project resources..
[TRACE] COPYING CREATED FILE: /Users/tshedor/Documents/App Development/UDK App/Resources/more/jessie.js => /Users/tshedor/Documents/App Development/UDK App/build/android/bin/assets/Resources/more/jessie.js
[TRACE] COPYING MODIFIED FILE: /Users/tshedor/Documents/App Development/UDK App/Resources/more.js => /Users/tshedor/Documents/App Development/UDK App/build/android/bin/assets/Resources/more.js
[TRACE] COPYING MODIFIED FILE: /Users/tshedor/Documents/App Development/UDK App/Resources/safebus.js => /Users/tshedor/Documents/App Development/UDK App/build/android/bin/assets/Resources/safebus.js
[TRACE] Generating Java Classes
[DEBUG] Processing Android resource drawables
[DEBUG] copying app icon: /Users/tshedor/Documents/App Development/UDK App/build/android/bin/assets/Resources/appicon.png
[DEBUG] generating theme.xml
[DEBUG] found drawable-long-land-hdpi splash screen at /Users/tshedor/Documents/App Development/UDK App/Resources/android/images/res-long-land-hdpi/default.png
[DEBUG] copying /Users/tshedor/Documents/App Development/UDK App/Resources/android/images/res-long-land-hdpi/default.png splash screen to /Users/tshedor/Documents/App Development/UDK App/build/android/res/drawable-long-land-hdpi/background.png
[DEBUG] found drawable-long-land-ldpi splash screen at /Users/tshedor/Documents/App Development/UDK App/Resources/android/images/res-long-land-ldpi/default.png
[DEBUG] copying /Users/tshedor/Documents/App Development/UDK App/Resources/android/images/res-long-land-ldpi/default.png splash screen to /Users/tshedor/Documents/App Development/UDK App/build/android/res/drawable-long-land-ldpi/background.png
[DEBUG] found drawable-long-port-hdpi splash screen at /Users/tshedor/Documents/App Development/UDK App/Resources/android/images/res-long-port-hdpi/default.png
[DEBUG] copying /Users/tshedor/Documents/App Development/UDK App/Resources/android/images/res-long-port-hdpi/default.png splash screen to /Users/tshedor/Documents/App Development/UDK App/build/android/res/drawable-long-port-hdpi/background.png
[DEBUG] found drawable-long-port-ldpi splash screen at /Users/tshedor/Documents/App Development/UDK App/Resources/android/images/res-long-port-ldpi/default.png
[DEBUG] copying /Users/tshedor/Documents/App Development/UDK App/Resources/android/images/res-long-port-ldpi/default.png splash screen to /Users/tshedor/Documents/App Development/UDK App/build/android/res/drawable-long-port-ldpi/background.png
[DEBUG] found drawable-notlong-land-hdpi splash screen at /Users/tshedor/Documents/App Development/UDK App/Resources/android/images/res-notlong-land-hdpi/default.png
[DEBUG] copying /Users/tshedor/Documents/App Development/UDK App/Resources/android/images/res-notlong-land-hdpi/default.png splash screen to /Users/tshedor/Documents/App Development/UDK App/build/android/res/drawable-notlong-land-hdpi/background.png
[DEBUG] found drawable-notlong-land-ldpi splash screen at /Users/tshedor/Documents/App Development/UDK App/Resources/android/images/res-notlong-land-ldpi/default.png
[DEBUG] copying /Users/tshedor/Documents/App Development/UDK App/Resources/android/images/res-notlong-land-ldpi/default.png splash screen to /Users/tshedor/Documents/App Development/UDK App/build/android/res/drawable-notlong-land-ldpi/background.png
[DEBUG] found drawable-notlong-land-mdpi splash screen at /Users/tshedor/Documents/App Development/UDK App/Resources/android/images/res-notlong-land-mdpi/default.png
[DEBUG] copying /Users/tshedor/Documents/App Development/UDK App/Resources/android/images/res-notlong-land-mdpi/default.png splash screen to /Users/tshedor/Documents/App Development/UDK App/build/android/res/drawable-notlong-land-mdpi/background.png
[DEBUG] found drawable-notlong-port-hdpi splash screen at /Users/tshedor/Documents/App Development/UDK App/Resources/android/images/res-notlong-port-hdpi/default.png
[DEBUG] copying /Users/tshedor/Documents/App Development/UDK App/Resources/android/images/res-notlong-port-hdpi/default.png splash screen to /Users/tshedor/Documents/App Development/UDK App/build/android/res/drawable-notlong-port-hdpi/background.png
[DEBUG] found drawable-notlong-port-ldpi splash screen at /Users/tshedor/Documents/App Development/UDK App/Resources/android/images/res-notlong-port-ldpi/default.png
[DEBUG] copying /Users/tshedor/Documents/App Development/UDK App/Resources/android/images/res-notlong-port-ldpi/default.png splash screen to /Users/tshedor/Documents/App Development/UDK App/build/android/res/drawable-notlong-port-ldpi/background.png
[DEBUG] found drawable-notlong-port-mdpi splash screen at /Users/tshedor/Documents/App Development/UDK App/Resources/android/images/res-notlong-port-mdpi/default.png
[DEBUG] copying /Users/tshedor/Documents/App Development/UDK App/Resources/android/images/res-notlong-port-mdpi/default.png splash screen to /Users/tshedor/Documents/App Development/UDK App/build/android/res/drawable-notlong-port-mdpi/background.png
[DEBUG] found splash screen at /Users/tshedor/Documents/App Development/UDK App/build/android/bin/assets/Resources/default.png
[TRACE] Writing out AndroidManifest.xml
[DEBUG] adding /Users/tshedor/Documents/App Development/UDK App/build/android/gen/com/udk/mobile/R.java to javac build list
[DEBUG] adding /Users/tshedor/Documents/App Development/UDK App/build/android/gen/com/udk/mobile/UniversityDailyKansanActivity.java to javac build list
[DEBUG] adding /Users/tshedor/Documents/App Development/UDK App/build/android/gen/com/udk/mobile/UniversityDailyKansanAppInfo.java to javac build list
[DEBUG] adding /Users/tshedor/Documents/App Development/UDK App/build/android/gen/com/udk/mobile/UniversityDailyKansanApplication.java to javac build list
[DEBUG] Building Java Sources: "/Users/tshedor/Documents/App Development/UDK App/build/android/gen/com/udk/mobile/R.java" "/Users/tshedor/Documents/App Development/UDK App/build/android/gen/com/udk/mobile/UniversityDailyKansanActivity.java" "/Users/tshedor/Documents/App Development/UDK App/build/android/gen/com/udk/mobile/UniversityDailyKansanAppInfo.java" "/Users/tshedor/Documents/App Development/UDK App/build/android/gen/com/udk/mobile/UniversityDailyKansanApplication.java"
[INFO] Waiting for SDCard to become available..
[INFO] Compiling Android Resources... This could take some time
